<?xml version="1.0" encoding="UTF-8"?>
<!-- Generated by org.testng.reporters.JUnitReportReporter -->
<testsuite hostname="DESKTOP-GLLLVCE" failures="0" tests="1" name="ConfigurationAnnotations.TestSuite_001" time="0.009" errors="0" timestamp="2024-08-19T16:52:17 IST" skipped="0">
  <testcase classname="ConfigurationAnnotations.TestSuite_001" name="login" time="0.009"/>
  <system-out>
    <![CDATA[from test suite001]]>
  </system-out>
</testsuite> <!-- ConfigurationAnnotations.TestSuite_001 -->
