<?xml version="1.0" encoding="UTF-8"?>
<!-- Generated by org.testng.reporters.JUnitReportReporter -->
<testsuite hostname="DESKTOP-GLLLVCE" failures="0" tests="3" name="LearningTestNG.PriorityHelperAttribute" time="0.011" errors="0" timestamp="2023-12-13T16:48:43 IST" skipped="0">
  <testcase classname="LearningTestNG.PriorityHelperAttribute" name="add" time="0.010"/>
  <system-out>
This is from add  </system-out>
  <testcase classname="LearningTestNG.PriorityHelperAttribute" name="pause" time="0.001"/>
  <system-out>
This is from pause  </system-out>
  <testcase classname="LearningTestNG.PriorityHelperAttribute" name="run" time="0.000"/>
  <system-out>
This is from run  </system-out>
</testsuite> <!-- LearningTestNG.PriorityHelperAttribute -->
