<?xml version="1.0" encoding="UTF-8"?>
<!-- Generated by org.testng.reporters.JUnitReportReporter -->
<testsuite hostname="DESKTOP-GLLLVCE" failures="0" tests="7" name="LearningTestNG.EnabledHelperAttribute" time="40.714" errors="0" timestamp="2023-12-13T17:09:19 IST" skipped="1">
  <testcase classname="LearningTestNG.EnabledHelperAttribute" name="volvo" time="10.064"/>
  <system-out>
from volvo  </system-out>
  <testcase classname="LearningTestNG.EnabledHelperAttribute" name="benz" time="4.694"/>
  <system-out>
from benz  </system-out>
  <testcase classname="LearningTestNG.EnabledHelperAttribute" name="benz" time="5.773"/>
  <system-out>
from benz  </system-out>
  <testcase classname="LearningTestNG.EnabledHelperAttribute" name="benz" time="7.496"/>
  <system-out>
from benz  </system-out>
  <testcase classname="LearningTestNG.EnabledHelperAttribute" name="benz" time="8.615"/>
  <system-out>
from benz  </system-out>
  <testcase classname="LearningTestNG.EnabledHelperAttribute" name="benz" time="4.072"/>
  <system-out>
from benz  </system-out>
  <testcase classname="LearningTestNG.EnabledHelperAttribute" name="BMW">
    <skipped/>
  </testcase> <!-- BMW -->
  <system-out/>
</testsuite> <!-- LearningTestNG.EnabledHelperAttribute -->
