<?xml version="1.0" encoding="UTF-8"?>
<!-- Generated by org.testng.reporters.JUnitReportReporter -->
<testsuite hostname="DESKTOP-GLLLVCE" failures="0" tests="1" name="LearningTestNG.TestAnnotation" time="0.010" errors="0" timestamp="2023-12-13T16:49:25 IST" skipped="0">
  <testcase classname="LearningTestNG.TestAnnotation" name="run" time="0.010"/>
  <system-out>
This is from run  </system-out>
</testsuite> <!-- LearningTestNG.TestAnnotation -->
