<?xml version="1.0" encoding="UTF-8"?>
<!-- Generated by org.testng.reporters.JUnitReportReporter -->
<testsuite hostname="DESKTOP-GLLLVCE" failures="0" tests="2" name="CrossBrowserExecution.ShoppersStack" time="18.864" errors="0" timestamp="2023-12-14T17:36:10 IST" skipped="0">
  <testcase classname="CrossBrowserExecution.ShoppersStack" name="login" time="3.185"/>
  <system-out/>
  <testcase classname="CrossBrowserExecution.ShoppersStack" name="login" time="15.679"/>
  <system-out/>
</testsuite> <!-- CrossBrowserExecution.ShoppersStack -->
