<?xml version="1.0" encoding="UTF-8"?>
<!-- Generated by org.testng.reporters.JUnitReportReporter -->
<testsuite hostname="DESKTOP-GLLLVCE" failures="0" tests="2" name="CrossBrowserExecution.ActiTime" time="22.950" errors="0" timestamp="2023-12-14T17:36:11 IST" skipped="0">
  <testcase classname="CrossBrowserExecution.ActiTime" name="login" time="16.734"/>
  <system-out/>
  <testcase classname="CrossBrowserExecution.ActiTime" name="login" time="6.216"/>
  <system-out/>
</testsuite> <!-- CrossBrowserExecution.ActiTime -->
