<?xml version="1.0" encoding="UTF-8"?>
<!-- Generated by org.testng.reporters.JUnitReportReporter -->
<testsuite hostname="DESKTOP-GLLLVCE" failures="0" tests="1" name="WatchBatchExecutionTestNG.Rado" time="3.197" errors="0" timestamp="2023-12-14T12:10:26 IST" skipped="0">
  <testcase classname="WatchBatchExecutionTestNG.Rado" name="rado" time="3.197"/>
  <system-out/>
</testsuite> <!-- WatchBatchExecutionTestNG.Rado -->
