<?xml version="1.0" encoding="UTF-8"?>
<!-- Generated by org.testng.reporters.JUnitReportReporter -->
<testsuite hostname="DESKTOP-GLLLVCE" failures="0" tests="1" name="CrossBrowserExecution.TestBlog" time="4.255" errors="0" timestamp="2023-12-14T17:37:24 IST" skipped="0">
  <testcase classname="CrossBrowserExecution.TestBlog" name="login" time="4.255"/>
  <system-out/>
</testsuite> <!-- CrossBrowserExecution.TestBlog -->
