<?xml version="1.0" encoding="UTF-8"?>
<!-- Generated by org.testng.reporters.JUnitReportReporter -->
<testsuite hostname="DESKTOP-GLLLVCE" failures="0" tests="10" name="LearningTestNG.ThreadPoolSizeHelperAttribute" time="112.298" errors="0" timestamp="2023-12-13T17:07:37 IST" skipped="0">
  <testcase classname="LearningTestNG.ThreadPoolSizeHelperAttribute" name="BMW" time="11.052"/>
  <system-out>
from BMW  </system-out>
  <testcase classname="LearningTestNG.ThreadPoolSizeHelperAttribute" name="BMW" time="16.830"/>
  <system-out>
from BMW  </system-out>
  <testcase classname="LearningTestNG.ThreadPoolSizeHelperAttribute" name="BMW" time="19.101"/>
  <system-out>
from BMW  </system-out>
  <testcase classname="LearningTestNG.ThreadPoolSizeHelperAttribute" name="BMW" time="11.054"/>
  <system-out>
from BMW  </system-out>
  <testcase classname="LearningTestNG.ThreadPoolSizeHelperAttribute" name="BMW" time="11.312"/>
  <system-out>
from BMW  </system-out>
  <testcase classname="LearningTestNG.ThreadPoolSizeHelperAttribute" name="benz" time="6.716"/>
  <system-out>
from benz  </system-out>
  <testcase classname="LearningTestNG.ThreadPoolSizeHelperAttribute" name="benz" time="11.080"/>
  <system-out>
from benz  </system-out>
  <testcase classname="LearningTestNG.ThreadPoolSizeHelperAttribute" name="benz" time="11.554"/>
  <system-out>
from benz  </system-out>
  <testcase classname="LearningTestNG.ThreadPoolSizeHelperAttribute" name="benz" time="8.215"/>
  <system-out>
from benz  </system-out>
  <testcase classname="LearningTestNG.ThreadPoolSizeHelperAttribute" name="benz" time="5.384"/>
  <system-out>
from benz  </system-out>
</testsuite> <!-- LearningTestNG.ThreadPoolSizeHelperAttribute -->
