<?xml version="1.0" encoding="UTF-8"?>
<!-- Generated by org.testng.reporters.JUnitReportReporter -->
<testsuite hostname="DESKTOP-GLLLVCE" failures="0" tests="1" name="WatchBatchExecutionTestNG.Casio" time="5.150" errors="0" timestamp="2023-12-14T12:09:02 IST" skipped="0">
  <testcase classname="WatchBatchExecutionTestNG.Casio" name="casio" time="5.150"/>
  <system-out/>
</testsuite> <!-- WatchBatchExecutionTestNG.Casio -->
