<?xml version="1.0" encoding="UTF-8"?>
<!-- Generated by org.testng.reporters.JUnitReportReporter -->
<testsuite hostname="DESKTOP-GLLLVCE" failures="0" tests="1" name="ConfigurationAnnotations.TestSuite_002" time="0.002" errors="0" timestamp="2024-08-19T16:52:17 IST" skipped="0">
  <testcase classname="ConfigurationAnnotations.TestSuite_002" name="login" time="0.002"/>
  <system-out>
    <![CDATA[from test suite002]]>
  </system-out>
</testsuite> <!-- ConfigurationAnnotations.TestSuite_002 -->
