<?xml version="1.0" encoding="UTF-8"?>
<!-- Generated by org.testng.reporters.JUnitReportReporter -->
<testsuite hostname="DESKTOP-GLLLVCE" failures="0" tests="2" name="LearningTestNG.AddToCart" time="4.048" errors="0" timestamp="2024-02-07T18:11:57 IST" skipped="0">
  <testcase classname="LearningTestNG.AddToCart" name="Login" time="1.929"/>
  <system-out/>
  <testcase classname="LearningTestNG.AddToCart" name="AddToCart" time="2.119"/>
  <system-out/>
</testsuite> <!-- LearningTestNG.AddToCart -->
