<?xml version="1.0" encoding="UTF-8"?>
<!-- Generated by org.testng.reporters.JUnitReportReporter -->
<testsuite hostname="DESKTOP-GLLLVCE" failures="0" tests="1" name="WatchBatchExecutionTestNG.Fossil" time="12.179" errors="0" timestamp="2024-08-19T17:15:15 IST" skipped="0">
  <testcase classname="WatchBatchExecutionTestNG.Fossil" name="fossil" time="12.179"/>
  <system-out/>
</testsuite> <!-- WatchBatchExecutionTestNG.Fossil -->
