<?xml version="1.0" encoding="UTF-8"?>
<!-- Generated by org.testng.reporters.JUnitReportReporter -->
<testsuite hostname="DESKTOP-GLLLVCE" failures="0" tests="2" name="CrossBrowserExecution.VTiger" time="38.028" errors="0" timestamp="2023-12-14T17:36:09 IST" skipped="0">
  <testcase classname="CrossBrowserExecution.VTiger" name="login" time="28.452"/>
  <system-out/>
  <testcase classname="CrossBrowserExecution.VTiger" name="login" time="9.576"/>
  <system-out/>
</testsuite> <!-- CrossBrowserExecution.VTiger -->
