<?xml version="1.0" encoding="UTF-8"?>
<!-- Generated by org.testng.reporters.JUnitReportReporter -->
<testsuite hostname="DESKTOP-GLLLVCE" failures="0" tests="1" name="Demo.Demo" time="18.922" errors="0" timestamp="2024-08-19T17:10:10 IST" skipped="0">
  <testcase classname="Demo.Demo" name="demo1" time="18.922"/>
  <system-out/>
</testsuite> <!-- Demo.Demo -->
