<?xml version="1.0" encoding="UTF-8"?>
<!-- Generated by org.testng.reporters.JUnitReportReporter -->
<testsuite hostname="DESKTOP-GLLLVCE" failures="0" tests="1" name="WatchBatchExecutionTestNG.fastrack" time="3.703" errors="0" timestamp="2023-12-14T12:10:26 IST" skipped="0">
  <testcase classname="WatchBatchExecutionTestNG.fastrack" name="rado" time="3.703"/>
  <system-out/>
</testsuite> <!-- WatchBatchExecutionTestNG.fastrack -->
