<?xml version="1.0" encoding="UTF-8"?>
<!-- Generated by org.testng.reporters.JUnitReportReporter -->
<testsuite hostname="DESKTOP-GLLLVCE" failures="0" tests="2" name="ConfigurationAnnotations.TestSuite_003" time="0.015" errors="0" timestamp="2024-08-19T16:52:17 IST" skipped="0">
  <testcase classname="ConfigurationAnnotations.TestSuite_003" name="login" time="0.011"/>
  <system-out>
    <![CDATA[from test suite003 login]]>
  </system-out>
  <testcase classname="ConfigurationAnnotations.TestSuite_003" name="login1" time="0.004"/>
  <system-out>
    <![CDATA[from test suite003 login1]]>
  </system-out>
</testsuite> <!-- ConfigurationAnnotations.TestSuite_003 -->
