<?xml version="1.0" encoding="UTF-8"?>
<!-- Generated by org.testng.reporters.JUnitReportReporter -->
<testsuite hostname="DESKTOP-GLLLVCE" failures="0" tests="2" name="CrossBrowserExecution.DemoWebShop" time="18.290" errors="0" timestamp="2023-12-14T17:36:08 IST" skipped="0">
  <testcase classname="CrossBrowserExecution.DemoWebShop" name="login" time="12.917"/>
  <system-out/>
  <testcase classname="CrossBrowserExecution.DemoWebShop" name="login" time="5.373"/>
  <system-out/>
</testsuite> <!-- CrossBrowserExecution.DemoWebShop -->
