<?xml version="1.0" encoding="UTF-8"?>
<!-- Generated by org.testng.reporters.JUnitReportReporter -->
<testsuite hostname="DESKTOP-GLLLVCE" failures="0" tests="3" name="LearningTestNG.InvocationCountHelperAttribute" time="0.018" errors="0" timestamp="2023-12-13T16:51:00 IST" skipped="0">
  <testcase classname="LearningTestNG.InvocationCountHelperAttribute" name="pause" time="0.014"/>
  <system-out>
This is from pause  </system-out>
  <testcase classname="LearningTestNG.InvocationCountHelperAttribute" name="run" time="0.002"/>
  <system-out>
This is from run  </system-out>
  <testcase classname="LearningTestNG.InvocationCountHelperAttribute" name="run" time="0.002"/>
  <system-out>
This is from run  </system-out>
</testsuite> <!-- LearningTestNG.InvocationCountHelperAttribute -->
